<?xml version="1.0" encoding="UTF-8"?>
<!-- Generated by org.testng.reporters.JUnitReportReporter -->
<testsuite hostname="L-INE-5N15T93" failures="0" tests="1" name="com.jenkin.jenkins_programs.NewTest" time="15.528" errors="0" timestamp="2023-09-05T15:33:09 IST" skipped="0">
  <testcase classname="com.jenkin.jenkins_programs.NewTest" name="f" time="15.528"/>
</testsuite> <!-- com.jenkin.jenkins_programs.NewTest -->
